01.07.2021 13:16:18	<S>: 	MAMP started.

01.07.2021 13:16:19	<<I>>: 	Set php version to current php max version:php7.4.1

01.07.2021 13:16:20	<E>: 	Could not set access rights on folder: C:\MAMP\logs

01.07.2021 13:16:20	<E>: 	There was an error in downloading or decoding image for banner.

01.07.2021 17:28:55	<F>: 	Closing MAMP application.

01.07.2021 17:28:57	<S>: 	MAMP started.

01.07.2021 17:28:58	<E>: 	Could not set access rights on folder: C:\MAMP\logs

01.07.2021 17:28:58	<E>: 	There was an error in downloading or decoding image for banner.

01.07.2021 18:05:43	<S>: 	MAMP started.

01.07.2021 18:05:44	<E>: 	Could not set access rights on folder: C:\MAMP\logs

01.07.2021 18:05:45	<E>: 	There was an error in downloading or decoding image for banner.

01.07.2021 22:38:44	<F>: 	Closing MAMP application.

03.07.2021 19:49:26	<S>: 	MAMP started.

03.07.2021 19:49:28	<E>: 	Could not set access rights on folder: C:\MAMP\logs

03.07.2021 19:49:28	<E>: 	There was an error in downloading or decoding image for banner.

03.07.2021 22:07:32	<S>: 	MAMP started.

03.07.2021 22:07:34	<E>: 	Could not set access rights on folder: C:\MAMP\logs

03.07.2021 22:07:35	<E>: 	There was an error in downloading or decoding image for banner.

04.07.2021 0:40:43	<F>: 	Closing MAMP application.

04.07.2021 14:56:59	<S>: 	MAMP started.

04.07.2021 14:57:01	<E>: 	Could not set access rights on folder: C:\MAMP\logs

04.07.2021 14:57:01	<E>: 	There was an error in downloading or decoding image for banner.

