[01-Jul-2021 10:16:28 UTC] PHP Warning:  mysqli_connect(): (HY000/1045): Access denied for user 'root'@'localhost' (using password: NO) in C:\Users\d_m_k\AppData\Roaming\Appsolute\MAMP\pscripts\file-78c7e2cc-867a-4d55-b651-b98a76b98c4f.php on line 3
[01-Jul-2021 10:16:28 UTC] PHP Warning:  mysqli_query() expects parameter 1 to be mysqli, boolean given in C:\Users\d_m_k\AppData\Roaming\Appsolute\MAMP\pscripts\file-78c7e2cc-867a-4d55-b651-b98a76b98c4f.php on line 12
[01-Jul-2021 10:16:28 UTC] PHP Warning:  mysqli_query() expects parameter 1 to be mysqli, boolean given in C:\Users\d_m_k\AppData\Roaming\Appsolute\MAMP\pscripts\file-78c7e2cc-867a-4d55-b651-b98a76b98c4f.php on line 13
[01-Jul-2021 10:16:28 UTC] PHP Warning:  mysqli_fetch_assoc() expects parameter 1 to be mysqli_result, null given in C:\Users\d_m_k\AppData\Roaming\Appsolute\MAMP\pscripts\file-78c7e2cc-867a-4d55-b651-b98a76b98c4f.php on line 16
[01-Jul-2021 10:16:28 UTC] PHP Warning:  mysqli_close() expects parameter 1 to be mysqli, boolean given in C:\Users\d_m_k\AppData\Roaming\Appsolute\MAMP\pscripts\file-78c7e2cc-867a-4d55-b651-b98a76b98c4f.php on line 21
[01-Jul-2021 10:22:56 UTC] –ë–∞–∑–∞ –¥–∞–Ω–Ω—ã—Ö WordPress –≤–æ–∑–≤—Ä–∞—Ç–∏–ª–∞ –æ—à–∏–±–∫—É Unknown column 'wp_' in 'field list' –≤ –æ—Ç–≤–µ—Ç –Ω–∞ –∑–∞–ø—Ä–æ—Å SELECT wp_
[01-Jul-2021 10:22:56 UTC] –ë–∞–∑–∞ –¥–∞–Ω–Ω—ã—Ö WordPress –≤–æ–∑–≤—Ä–∞—Ç–∏–ª–∞ –æ—à–∏–±–∫—É Incorrect table name '' –≤ –æ—Ç–≤–µ—Ç –Ω–∞ –∑–∞–ø—Ä–æ—Å INSERT INTO `` (`option_name`, `option_value`, `autoload`) VALUES ('nonce_key', 'GR<R}%*bO*jH(.QWF+pq69Unz6jEuZU IW?dpj zO1qVPT)j2mjaJ?m>aD3RJ=N;', 'no') ON DUPLICATE KEY UPDATE `option_name` = VALUES(`option_name`), `option_value` = VALUES(`option_value`), `autoload` = VALUES(`autoload`), –≤—ã–ø–æ–ª–Ω–µ–Ω–Ω—ã–π wp_print_scripts, wp_scripts, WP_Scripts->__construct, WP_Scripts->init, do_action_ref_array('wp_default_scripts'), WP_Hook->do_action, WP_Hook->apply_filters, wp_default_scripts, wp_create_nonce, wp_hash, wp_salt, update_site_option, update_network_option, add_network_option, add_option
[01-Jul-2021 10:22:56 UTC] –ë–∞–∑–∞ –¥–∞–Ω–Ω—ã—Ö WordPress –≤–æ–∑–≤—Ä–∞—Ç–∏–ª–∞ –æ—à–∏–±–∫—É Incorrect table name '' –≤ –æ—Ç–≤–µ—Ç –Ω–∞ –∑–∞–ø—Ä–æ—Å INSERT INTO `` (`option_name`, `option_value`, `autoload`) VALUES ('nonce_salt', '8$ncq.w=UVW!RG&=/[z:I)IL<oF|~L}~<.W>y%6($OTVehWy+kw7A*<TNkfLFS;!', 'no') ON DUPLICATE KEY UPDATE `option_name` = VALUES(`option_name`), `option_value` = VALUES(`option_value`), `autoload` = VALUES(`autoload`), –≤—ã–ø–æ–ª–Ω–µ–Ω–Ω—ã–π wp_print_scripts, wp_scripts, WP_Scripts->__construct, WP_Scripts->init, do_action_ref_array('wp_default_scripts'), WP_Hook->do_action, WP_Hook->apply_filters, wp_default_scripts, wp_create_nonce, wp_hash, wp_salt, update_site_option, update_network_option, add_network_option, add_option
[01-Jul-2021 10:54:39 UTC] PHP Fatal error:  Maximum execution time of 30 seconds exceeded in C:\MAMP\htdocs\wp-includes\Requests\Transport\cURL.php on line 463
[01-Jul-2021 12:37:06 UTC] –ë–∞–∑–∞ –¥–∞–Ω–Ω—ã—Ö WordPress –≤–æ–∑–≤—Ä–∞—Ç–∏–ª–∞ –æ—à–∏–±–∫—É Unknown column 'wp_' in 'field list' –≤ –æ—Ç–≤–µ—Ç –Ω–∞ –∑–∞–ø—Ä–æ—Å SELECT wp_
[01-Jul-2021 12:37:06 UTC] –ë–∞–∑–∞ –¥–∞–Ω–Ω—ã—Ö WordPress –≤–æ–∑–≤—Ä–∞—Ç–∏–ª–∞ –æ—à–∏–±–∫—É Incorrect table name '' –≤ –æ—Ç–≤–µ—Ç –Ω–∞ –∑–∞–ø—Ä–æ—Å INSERT INTO `` (`option_name`, `option_value`, `autoload`) VALUES ('nonce_key', 'TX/8ABcOqfmz@a#ma5JI}6:>}e/E6#Pdqn$-wky}E!Tv89<yxftU#W ,#NYh=QsK', 'no') ON DUPLICATE KEY UPDATE `option_name` = VALUES(`option_name`), `option_value` = VALUES(`option_value`), `autoload` = VALUES(`autoload`), –≤—ã–ø–æ–ª–Ω–µ–Ω–Ω—ã–π wp_print_scripts, wp_scripts, WP_Scripts->__construct, WP_Scripts->init, do_action_ref_array('wp_default_scripts'), WP_Hook->do_action, WP_Hook->apply_filters, wp_default_scripts, wp_create_nonce, wp_hash, wp_salt, update_site_option, update_network_option, add_network_option, add_option
[01-Jul-2021 12:37:06 UTC] –ë–∞–∑–∞ –¥–∞–Ω–Ω—ã—Ö WordPress –≤–æ–∑–≤—Ä–∞—Ç–∏–ª–∞ –æ—à–∏–±–∫—É Incorrect table name '' –≤ –æ—Ç–≤–µ—Ç –Ω–∞ –∑–∞–ø—Ä–æ—Å INSERT INTO `` (`option_name`, `option_value`, `autoload`) VALUES ('nonce_salt', ':u&/<Mf=|V{ld QQu2-e[0V,o^qP1euN;9rKwIr/84Q@VXK[t~8vhOY_RXn54F(5', 'no') ON DUPLICATE KEY UPDATE `option_name` = VALUES(`option_name`), `option_value` = VALUES(`option_value`), `autoload` = VALUES(`autoload`), –≤—ã–ø–æ–ª–Ω–µ–Ω–Ω—ã–π wp_print_scripts, wp_scripts, WP_Scripts->__construct, WP_Scripts->init, do_action_ref_array('wp_default_scripts'), WP_Hook->do_action, WP_Hook->apply_filters, wp_default_scripts, wp_create_nonce, wp_hash, wp_salt, update_site_option, update_network_option, add_network_option, add_option
[01-Jul-2021 12:47:32 UTC] PHP Fatal error:  Maximum execution time of 30 seconds exceeded in C:\MAMP\htdocs\wp-admin\includes\class-wp-filesystem-direct.php on line 82
[01-Jul-2021 14:12:39 UTC] PHP Warning:  unlink(): http does not allow unlinking in C:\MAMP\htdocs\wp-content\plugins\envothemes-demo-import\includes\panel\classes\importers\class-settings-importer.php on line 28
[01-Jul-2021 14:25:51 UTC] PHP Warning:  Invalid argument supplied for foreach() in C:\MAMP\htdocs\wp-content\plugins\lingotek-translation\lingotek.php on line 363
[01-Jul-2021 14:25:57 UTC] PHP Warning:  key_exists() expects parameter 2 to be array, string given in C:\MAMP\htdocs\wp-content\plugins\lingotek-translation\admin\admin.php on line 667
[01-Jul-2021 14:25:57 UTC] PHP Warning:  key_exists() expects parameter 2 to be array, string given in C:\MAMP\htdocs\wp-content\plugins\lingotek-translation\admin\admin.php on line 667
[01-Jul-2021 14:27:10 UTC] PHP Warning:  mysqli_connect(): (HY000/2002): œÓ‰ÍÎ˛˜ÂÌËÂ ÌÂ ÛÒÚ‡ÌÓ‚ÎÂÌÓ, Ú.Í. ÍÓÌÂ˜Ì˚È ÍÓÏÔ¸˛ÚÂ ÓÚ‚Â„ Á‡ÔÓÒ Ì‡ ÔÓ‰ÍÎ˛˜ÂÌËÂ.
 in Command line code on line 1
[01-Jul-2021 14:27:10 UTC] PHP Warning:  mysqli_query() expects parameter 1 to be mysqli, boolean given in Command line code on line 1
[01-Jul-2021 14:27:10 UTC] PHP Warning:  mysqli_fetch_assoc() expects parameter 1 to be mysqli_result, null given in Command line code on line 1
[01-Jul-2021 14:27:10 UTC] PHP Warning:  mysqli_close() expects parameter 1 to be mysqli, boolean given in Command line code on line 1
[01-Jul-2021 14:29:04 UTC] PHP Warning:  mysqli_connect(): (HY000/1045): Access denied for user 'root'@'localhost' (using password: NO) in C:\Users\d_m_k\AppData\Roaming\Appsolute\MAMP\pscripts\file-caf825e4-3ba8-434b-a268-b96ec92eddb9.php on line 3
[01-Jul-2021 14:29:04 UTC] PHP Warning:  mysqli_query() expects parameter 1 to be mysqli, boolean given in C:\Users\d_m_k\AppData\Roaming\Appsolute\MAMP\pscripts\file-caf825e4-3ba8-434b-a268-b96ec92eddb9.php on line 12
[01-Jul-2021 14:29:04 UTC] PHP Warning:  mysqli_query() expects parameter 1 to be mysqli, boolean given in C:\Users\d_m_k\AppData\Roaming\Appsolute\MAMP\pscripts\file-caf825e4-3ba8-434b-a268-b96ec92eddb9.php on line 13
[01-Jul-2021 14:29:04 UTC] PHP Warning:  mysqli_fetch_assoc() expects parameter 1 to be mysqli_result, null given in C:\Users\d_m_k\AppData\Roaming\Appsolute\MAMP\pscripts\file-caf825e4-3ba8-434b-a268-b96ec92eddb9.php on line 16
[01-Jul-2021 14:29:04 UTC] PHP Warning:  mysqli_close() expects parameter 1 to be mysqli, boolean given in C:\Users\d_m_k\AppData\Roaming\Appsolute\MAMP\pscripts\file-caf825e4-3ba8-434b-a268-b96ec92eddb9.php on line 21
[01-Jul-2021 14:30:05 UTC] –ë–∞–∑–∞ –¥–∞–Ω–Ω—ã—Ö WordPress –≤–æ–∑–≤—Ä–∞—Ç–∏–ª–∞ –æ—à–∏–±–∫—É Unknown column 'wp_' in 'field list' –≤ –æ—Ç–≤–µ—Ç –Ω–∞ –∑–∞–ø—Ä–æ—Å SELECT wp_
[01-Jul-2021 14:30:05 UTC] –ë–∞–∑–∞ –¥–∞–Ω–Ω—ã—Ö WordPress –≤–æ–∑–≤—Ä–∞—Ç–∏–ª–∞ –æ—à–∏–±–∫—É Incorrect table name '' –≤ –æ—Ç–≤–µ—Ç –Ω–∞ –∑–∞–ø—Ä–æ—Å INSERT INTO `` (`option_name`, `option_value`, `autoload`) VALUES ('nonce_key', 'uNRZZpo,)+>Day5V1r#FL2=`74mEQlO_;l94h!F(KyWIm~0j/*(A/7~so{6ws>]u', 'no') ON DUPLICATE KEY UPDATE `option_name` = VALUES(`option_name`), `option_value` = VALUES(`option_value`), `autoload` = VALUES(`autoload`), –≤—ã–ø–æ–ª–Ω–µ–Ω–Ω—ã–π wp_print_scripts, wp_scripts, WP_Scripts->__construct, WP_Scripts->init, do_action_ref_array('wp_default_scripts'), WP_Hook->do_action, WP_Hook->apply_filters, wp_default_scripts, wp_create_nonce, wp_hash, wp_salt, update_site_option, update_network_option, add_network_option, add_option
[01-Jul-2021 14:30:05 UTC] –ë–∞–∑–∞ –¥–∞–Ω–Ω—ã—Ö WordPress –≤–æ–∑–≤—Ä–∞—Ç–∏–ª–∞ –æ—à–∏–±–∫—É Incorrect table name '' –≤ –æ—Ç–≤–µ—Ç –Ω–∞ –∑–∞–ø—Ä–æ—Å INSERT INTO `` (`option_name`, `option_value`, `autoload`) VALUES ('nonce_salt', '_6e4+VJEVeJ}kvo:f !YITzyi9?Kn>BX2vYwS;+s,@QS%D_nqPm`h/ OOGL0LkV8', 'no') ON DUPLICATE KEY UPDATE `option_name` = VALUES(`option_name`), `option_value` = VALUES(`option_value`), `autoload` = VALUES(`autoload`), –≤—ã–ø–æ–ª–Ω–µ–Ω–Ω—ã–π wp_print_scripts, wp_scripts, WP_Scripts->__construct, WP_Scripts->init, do_action_ref_array('wp_default_scripts'), WP_Hook->do_action, WP_Hook->apply_filters, wp_default_scripts, wp_create_nonce, wp_hash, wp_salt, update_site_option, update_network_option, add_network_option, add_option
[01-Jul-2021 14:32:04 UTC] PHP Fatal error:  Maximum execution time of 30 seconds exceeded in C:\MAMP\htdocs\wp-admin\includes\class-wp-filesystem-direct.php on line 82
[01-Jul-2021 15:05:45 UTC] PHP Warning:  mysqli_connect(): (HY000/1045): Access denied for user 'root'@'localhost' (using password: NO) in C:\Users\d_m_k\AppData\Roaming\Appsolute\MAMP\pscripts\file-f2dee865-e6e4-4222-8b29-73507235cda9.php on line 3
[01-Jul-2021 15:05:45 UTC] PHP Warning:  mysqli_query() expects parameter 1 to be mysqli, boolean given in C:\Users\d_m_k\AppData\Roaming\Appsolute\MAMP\pscripts\file-f2dee865-e6e4-4222-8b29-73507235cda9.php on line 12
[01-Jul-2021 15:05:45 UTC] PHP Warning:  mysqli_query() expects parameter 1 to be mysqli, boolean given in C:\Users\d_m_k\AppData\Roaming\Appsolute\MAMP\pscripts\file-f2dee865-e6e4-4222-8b29-73507235cda9.php on line 13
[01-Jul-2021 15:05:45 UTC] PHP Warning:  mysqli_fetch_assoc() expects parameter 1 to be mysqli_result, null given in C:\Users\d_m_k\AppData\Roaming\Appsolute\MAMP\pscripts\file-f2dee865-e6e4-4222-8b29-73507235cda9.php on line 16
[01-Jul-2021 15:05:45 UTC] PHP Warning:  mysqli_close() expects parameter 1 to be mysqli, boolean given in C:\Users\d_m_k\AppData\Roaming\Appsolute\MAMP\pscripts\file-f2dee865-e6e4-4222-8b29-73507235cda9.php on line 21
